<?xml version="1.0" encoding="UTF-8"?>
<!-- Generated by org.testng.reporters.JUnitXMLReporter -->
<testsuite ignored="4" hostname="Sarithas-MBP.attlocal.net" failures="0" tests="17" name="Opencart Homepage Test" time="230.959" errors="0" timestamp="2024-06-25T19:25:13 CDT">
  <testcase classname="com.testcases.TS_01_Verify_Opencart_HomePageTest" name="homePageTitleTest" time="0.057"/>
  <testcase classname="com.testcases.TS_01_Verify_Opencart_HomePageTest" name="homePageURLTest" time="0.001"/>
  <testcase classname="com.testcases.TS_01_Verify_Opencart_HomePageTest" name="navigateToRegisterPageTest" time="3.498"/>
  <testcase classname="com.testcases.TS_01_Verify_Opencart_HomePageTest" name="verifyOpenCartLogoTest" time="0.096"/>
  <testcase classname="com.testcases.TS_01_Verify_Opencart_HomePageTest" name="FeaturedSectionCardaCountTest" time="0.13"/>
  <testcase classname="com.testcases.TS_01_Verify_Opencart_HomePageTest" name="navigateToLoginPageTest" time="3.009"/>
  <testcase classname="com.testcases.TS_02_Verify_Opencart_LoginPageTast" name="loginPageTitleTest" time="0.029"/>
  <testcase classname="com.testcases.TS_02_Verify_Opencart_LoginPageTast" name="loginTest" time="2.353"/>
  <testcase classname="com.testcases.TS_02_Verify_Opencart_LoginPageTast" name="navigateToForgotPasswordPageTest" time="3.252"/>
  <testcase classname="com.testcases.TS_02_Verify_Opencart_LoginPageTast" name="navigateToRegisterPageTest" time="4.026"/>
  <testcase classname="com.testcases.TS_02_Verify_Opencart_LoginPageTast" name="verifyLoginBreadCrumbExists" time="0.03"/>
  <testcase classname="com.testcases.TS_02_Verify_Opencart_LoginPageTast" name="verifyNewCustomerHeaderExists" time="0.03"/>
  <testcase classname="com.testcases.TS_02_Verify_Opencart_LoginPageTast" name="verifyreturningCustomerHeaderExists" time="0.035"/>
  <testcase classname="com.testcases.TS_03_Verify_Opencart_RegisterPageTest" name="registerNewAccountTest" time="2.732"/>
  <testcase classname="com.testcases.TS_01_Verify_Opencart_HomePageTest" name="searchTest" time="0.772"/>
  <testcase classname="com.testcases.TS_01_Verify_Opencart_HomePageTest" name="searchTest" time="1.182"/>
  <testcase classname="com.testcases.TS_01_Verify_Opencart_HomePageTest" name="searchTest" time="0.703"/>
  <testcase classname="base.BaseTest" name="@AfterSuite tearDownAfterSuite" time="0.0">
    <ignored/>
  </testcase> <!-- @AfterSuite tearDownAfterSuite -->
  <testcase classname="base.BaseTest" name="@AfterSuite tearDownAfterSuite" time="0.0">
    <ignored/>
  </testcase> <!-- @AfterSuite tearDownAfterSuite -->
  <testcase classname="base.BaseTest" name="@BeforeSuite setUpBeforeTestSuite" time="0.0">
    <ignored/>
  </testcase> <!-- @BeforeSuite setUpBeforeTestSuite -->
  <testcase classname="base.BaseTest" name="@BeforeSuite setUpBeforeTestSuite" time="0.0">
    <ignored/>
  </testcase> <!-- @BeforeSuite setUpBeforeTestSuite -->
</testsuite> <!-- Opencart Homepage Test -->
