<?xml version="1.0" encoding="UTF-8"?>
<!-- Generated by org.testng.reporters.JUnitXMLReporter -->
<testsuite ignored="4" hostname="Sarithas-MBP.attlocal.net" failures="0" tests="17" name="Opencart Homepage Test" time="192.591" errors="0" timestamp="2024-06-25T19:31:07 CDT">
  <testcase classname="com.testcases.TS_01_Verify_Opencart_HomePageTest" name="homePageTitleTest" time="0.021"/>
  <testcase classname="com.testcases.TS_01_Verify_Opencart_HomePageTest" name="homePageURLTest" time="0.003"/>
  <testcase classname="com.testcases.TS_01_Verify_Opencart_HomePageTest" name="navigateToRegisterPageTest" time="1.701"/>
  <testcase classname="com.testcases.TS_01_Verify_Opencart_HomePageTest" name="verifyOpenCartLogoTest" time="0.18"/>
  <testcase classname="com.testcases.TS_01_Verify_Opencart_HomePageTest" name="FeaturedSectionCardaCountTest" time="0.13"/>
  <testcase classname="com.testcases.TS_01_Verify_Opencart_HomePageTest" name="navigateToLoginPageTest" time="1.322"/>
  <testcase classname="com.testcases.TS_02_Verify_Opencart_LoginPageTast" name="loginPageTitleTest" time="0.015"/>
  <testcase classname="com.testcases.TS_02_Verify_Opencart_LoginPageTast" name="loginTest" time="1.304"/>
  <testcase classname="com.testcases.TS_02_Verify_Opencart_LoginPageTast" name="navigateToForgotPasswordPageTest" time="1.603"/>
  <testcase classname="com.testcases.TS_02_Verify_Opencart_LoginPageTast" name="navigateToRegisterPageTest" time="1.939"/>
  <testcase classname="com.testcases.TS_02_Verify_Opencart_LoginPageTast" name="verifyLoginBreadCrumbExists" time="0.067"/>
  <testcase classname="com.testcases.TS_02_Verify_Opencart_LoginPageTast" name="verifyNewCustomerHeaderExists" time="0.066"/>
  <testcase classname="com.testcases.TS_02_Verify_Opencart_LoginPageTast" name="verifyreturningCustomerHeaderExists" time="0.063"/>
  <testcase classname="com.testcases.TS_03_Verify_Opencart_RegisterPageTest" name="registerNewAccountTest" time="2.722"/>
  <testcase classname="com.testcases.TS_01_Verify_Opencart_HomePageTest" name="searchTest" time="0.906"/>
  <testcase classname="com.testcases.TS_01_Verify_Opencart_HomePageTest" name="searchTest" time="0.733"/>
  <testcase classname="com.testcases.TS_01_Verify_Opencart_HomePageTest" name="searchTest" time="0.842"/>
  <testcase classname="base.BaseTest" name="@AfterSuite tearDownAfterSuite" time="0.0">
    <ignored/>
  </testcase> <!-- @AfterSuite tearDownAfterSuite -->
  <testcase classname="base.BaseTest" name="@AfterSuite tearDownAfterSuite" time="0.0">
    <ignored/>
  </testcase> <!-- @AfterSuite tearDownAfterSuite -->
  <testcase classname="base.BaseTest" name="@BeforeSuite setUpBeforeTestSuite" time="0.0">
    <ignored/>
  </testcase> <!-- @BeforeSuite setUpBeforeTestSuite -->
  <testcase classname="base.BaseTest" name="@BeforeSuite setUpBeforeTestSuite" time="0.0">
    <ignored/>
  </testcase> <!-- @BeforeSuite setUpBeforeTestSuite -->
</testsuite> <!-- Opencart Homepage Test -->
