<?xml version="1.0" encoding="UTF-8"?>
<testsuite xmlns:xsi="http://www.w3.org/2001/XMLSchema-instance" xsi:noNamespaceSchemaLocation="https://maven.apache.org/surefire/maven-surefire-plugin/xsd/surefire-test-report-3.0.xsd" version="3.0" name="TestSuite" time="234.995" tests="17" errors="0" skipped="0" failures="0">
  <properties>
[...]
</properties>
  <testcase name="homePageTitleTest" classname="com.testcases.TS_01_Verify_Opencart_HomePageTest" time="0.056">
    <system-out><![CDATA[...
... TestNG 7.4.0 by Cédric Beust (cedric@beust.com)
...

&amp#27;[33m[2024-Jun-25 19:21:35.857 CDT]&amp#27;[m &amp#27;[37m[Thread ID: 38]&amp#27;[m &amp#27;[94m[PlaywrightFactory.getBrowser]&amp#27;[m &amp#27;[32m[INFO]&amp#27;[m Browser Selected for Test Execution 'firefox' with headless mode as 'true'
&amp#27;[33m[2024-Jun-25 19:21:38.555 CDT]&amp#27;[m &amp#27;[37m[Thread ID: 38]&amp#27;[m &amp#27;[94m[PlaywrightFactory.getBrowserContext]&amp#27;[m &amp#27;[32m[INFO]&amp#27;[m Browser Context - Viewport Width '1280' and Height '720'
]]></system-out>
  </testcase>
  <testcase name="homePageURLTest" classname="com.testcases.TS_01_Verify_Opencart_HomePageTest" time="0">
    <system-out><![CDATA[&amp#27;[33m[2024-Jun-25 19:21:48.356 CDT]&amp#27;[m &amp#27;[37m[Thread ID: 38]&amp#27;[m &amp#27;[94m[PlaywrightFactory.getBrowser]&amp#27;[m &amp#27;[32m[INFO]&amp#27;[m Browser Selected for Test Execution 'firefox' with headless mode as 'true'
&amp#27;[33m[2024-Jun-25 19:21:50.422 CDT]&amp#27;[m &amp#27;[37m[Thread ID: 38]&amp#27;[m &amp#27;[94m[PlaywrightFactory.getBrowserContext]&amp#27;[m &amp#27;[32m[INFO]&amp#27;[m Browser Context - Viewport Width '1280' and Height '720'
page url : https://naveenautomationlabs.com/opencart/
]]></system-out>
  </testcase>
  <testcase name="navigateToRegisterPageTest" classname="com.testcases.TS_01_Verify_Opencart_HomePageTest" time="3.498">
    <system-out><![CDATA[&amp#27;[33m[2024-Jun-25 19:21:58.707 CDT]&amp#27;[m &amp#27;[37m[Thread ID: 38]&amp#27;[m &amp#27;[94m[PlaywrightFactory.getBrowser]&amp#27;[m &amp#27;[32m[INFO]&amp#27;[m Browser Selected for Test Execution 'firefox' with headless mode as 'true'
&amp#27;[33m[2024-Jun-25 19:22:00.761 CDT]&amp#27;[m &amp#27;[37m[Thread ID: 38]&amp#27;[m &amp#27;[94m[PlaywrightFactory.getBrowserContext]&amp#27;[m &amp#27;[32m[INFO]&amp#27;[m Browser Context - Viewport Width '1280' and Height '720'
]]></system-out>
  </testcase>
  <testcase name="verifyOpenCartLogoTest" classname="com.testcases.TS_01_Verify_Opencart_HomePageTest" time="0.095">
    <system-out><![CDATA[&amp#27;[33m[2024-Jun-25 19:22:13.907 CDT]&amp#27;[m &amp#27;[37m[Thread ID: 38]&amp#27;[m &amp#27;[94m[PlaywrightFactory.getBrowser]&amp#27;[m &amp#27;[32m[INFO]&amp#27;[m Browser Selected for Test Execution 'firefox' with headless mode as 'true'
&amp#27;[33m[2024-Jun-25 19:22:16.840 CDT]&amp#27;[m &amp#27;[37m[Thread ID: 38]&amp#27;[m &amp#27;[94m[PlaywrightFactory.getBrowserContext]&amp#27;[m &amp#27;[32m[INFO]&amp#27;[m Browser Context - Viewport Width '1280' and Height '720'
&amp#27;[33m[2024-Jun-25 19:22:22.904 CDT]&amp#27;[m &amp#27;[37m[Thread ID: 38]&amp#27;[m &amp#27;[94m[HomePage.isOpenCartLogoExist]&amp#27;[m &amp#27;[32m[INFO]&amp#27;[m Checkin the logo exists or not
]]></system-out>
  </testcase>
  <testcase name="FeaturedSectionCardaCountTest" classname="com.testcases.TS_01_Verify_Opencart_HomePageTest" time="0.13">
    <system-out><![CDATA[&amp#27;[33m[2024-Jun-25 19:22:24.934 CDT]&amp#27;[m &amp#27;[37m[Thread ID: 38]&amp#27;[m &amp#27;[94m[PlaywrightFactory.getBrowser]&amp#27;[m &amp#27;[32m[INFO]&amp#27;[m Browser Selected for Test Execution 'firefox' with headless mode as 'true'
&amp#27;[33m[2024-Jun-25 19:22:26.425 CDT]&amp#27;[m &amp#27;[37m[Thread ID: 38]&amp#27;[m &amp#27;[94m[PlaywrightFactory.getBrowserContext]&amp#27;[m &amp#27;[32m[INFO]&amp#27;[m Browser Context - Viewport Width '1280' and Height '720'
&amp#27;[33m[2024-Jun-25 19:22:34.245 CDT]&amp#27;[m &amp#27;[37m[Thread ID: 38]&amp#27;[m &amp#27;[94m[HomePage.getFeaturedSectionCardaCount]&amp#27;[m &amp#27;[32m[INFO]&amp#27;[m checking the featured section cards count
]]></system-out>
  </testcase>
  <testcase name="navigateToLoginPageTest" classname="com.testcases.TS_01_Verify_Opencart_HomePageTest" time="3.008">
    <system-out><![CDATA[&amp#27;[33m[2024-Jun-25 19:22:37.464 CDT]&amp#27;[m &amp#27;[37m[Thread ID: 38]&amp#27;[m &amp#27;[94m[PlaywrightFactory.getBrowser]&amp#27;[m &amp#27;[32m[INFO]&amp#27;[m Browser Selected for Test Execution 'firefox' with headless mode as 'true'
&amp#27;[33m[2024-Jun-25 19:22:40.447 CDT]&amp#27;[m &amp#27;[37m[Thread ID: 38]&amp#27;[m &amp#27;[94m[PlaywrightFactory.getBrowserContext]&amp#27;[m &amp#27;[32m[INFO]&amp#27;[m Browser Context - Viewport Width '1280' and Height '720'
&amp#27;[33m[2024-Jun-25 19:22:55.208 CDT]&amp#27;[m &amp#27;[37m[Thread ID: 38]&amp#27;[m &amp#27;[94m[LoginPage.clickLoginHomeIcon]&amp#27;[m &amp#27;[32m[INFO]&amp#27;[m click on login home icon in breadcrumb
]]></system-out>
  </testcase>
  <testcase name="searchTest[Macbook](1)" classname="com.testcases.TS_01_Verify_Opencart_HomePageTest" time="0.773">
    <system-out><![CDATA[&amp#27;[33m[2024-Jun-25 19:24:49.870 CDT]&amp#27;[m &amp#27;[37m[Thread ID: 38]&amp#27;[m &amp#27;[94m[PlaywrightFactory.getBrowser]&amp#27;[m &amp#27;[32m[INFO]&amp#27;[m Browser Selected for Test Execution 'firefox' with headless mode as 'true'
&amp#27;[33m[2024-Jun-25 19:24:51.057 CDT]&amp#27;[m &amp#27;[37m[Thread ID: 38]&amp#27;[m &amp#27;[94m[PlaywrightFactory.getBrowserContext]&amp#27;[m &amp#27;[32m[INFO]&amp#27;[m Browser Context - Viewport Width '1280' and Height '720'
&amp#27;[33m[2024-Jun-25 19:24:56.267 CDT]&amp#27;[m &amp#27;[37m[Thread ID: 38]&amp#27;[m &amp#27;[94m[HomePage.searchProduct]&amp#27;[m &amp#27;[36m[DEBUG]&amp#27;[m search of Search - Macbookproduct is succesfull
&amp#27;[33m[2024-Jun-25 19:24:56.275 CDT]&amp#27;[m &amp#27;[37m[Thread ID: 38]&amp#27;[m &amp#27;[94m[HomePage.searchProduct]&amp#27;[m &amp#27;[36m[DEBUG]&amp#27;[m search of Macbookproduct is suuccesfull
]]></system-out>
  </testcase>
  <testcase name="searchTest[IMac](2)" classname="com.testcases.TS_01_Verify_Opencart_HomePageTest" time="1.182">
    <system-out><![CDATA[&amp#27;[33m[2024-Jun-25 19:24:57.755 CDT]&amp#27;[m &amp#27;[37m[Thread ID: 38]&amp#27;[m &amp#27;[94m[PlaywrightFactory.getBrowser]&amp#27;[m &amp#27;[32m[INFO]&amp#27;[m Browser Selected for Test Execution 'firefox' with headless mode as 'true'
&amp#27;[33m[2024-Jun-25 19:24:59.010 CDT]&amp#27;[m &amp#27;[37m[Thread ID: 38]&amp#27;[m &amp#27;[94m[PlaywrightFactory.getBrowserContext]&amp#27;[m &amp#27;[32m[INFO]&amp#27;[m Browser Context - Viewport Width '1280' and Height '720'
&amp#27;[33m[2024-Jun-25 19:25:05.039 CDT]&amp#27;[m &amp#27;[37m[Thread ID: 38]&amp#27;[m &amp#27;[94m[HomePage.searchProduct]&amp#27;[m &amp#27;[36m[DEBUG]&amp#27;[m search of Search - IMacproduct is succesfull
&amp#27;[33m[2024-Jun-25 19:25:05.049 CDT]&amp#27;[m &amp#27;[37m[Thread ID: 38]&amp#27;[m &amp#27;[94m[HomePage.searchProduct]&amp#27;[m &amp#27;[36m[DEBUG]&amp#27;[m search of IMacproduct is suuccesfull
]]></system-out>
  </testcase>
  <testcase name="searchTest[Samsung](3)" classname="com.testcases.TS_01_Verify_Opencart_HomePageTest" time="0.703">
    <system-out><![CDATA[&amp#27;[33m[2024-Jun-25 19:25:06.586 CDT]&amp#27;[m &amp#27;[37m[Thread ID: 38]&amp#27;[m &amp#27;[94m[PlaywrightFactory.getBrowser]&amp#27;[m &amp#27;[32m[INFO]&amp#27;[m Browser Selected for Test Execution 'firefox' with headless mode as 'true'
&amp#27;[33m[2024-Jun-25 19:25:07.859 CDT]&amp#27;[m &amp#27;[37m[Thread ID: 38]&amp#27;[m &amp#27;[94m[PlaywrightFactory.getBrowserContext]&amp#27;[m &amp#27;[32m[INFO]&amp#27;[m Browser Context - Viewport Width '1280' and Height '720'
&amp#27;[33m[2024-Jun-25 19:25:12.350 CDT]&amp#27;[m &amp#27;[37m[Thread ID: 38]&amp#27;[m &amp#27;[94m[HomePage.searchProduct]&amp#27;[m &amp#27;[36m[DEBUG]&amp#27;[m search of Search - Samsungproduct is succesfull
&amp#27;[33m[2024-Jun-25 19:25:12.388 CDT]&amp#27;[m &amp#27;[37m[Thread ID: 38]&amp#27;[m &amp#27;[94m[HomePage.searchProduct]&amp#27;[m &amp#27;[36m[DEBUG]&amp#27;[m search of Samsungproduct is suuccesfull
]]></system-out>
  </testcase>
  <testcase name="loginPageTitleTest" classname="com.testcases.TS_02_Verify_Opencart_LoginPageTast" time="0.022">
    <system-out><![CDATA[&amp#27;[33m[2024-Jun-25 19:22:58.696 CDT]&amp#27;[m &amp#27;[37m[Thread ID: 38]&amp#27;[m &amp#27;[94m[PlaywrightFactory.getBrowser]&amp#27;[m &amp#27;[32m[INFO]&amp#27;[m Browser Selected for Test Execution 'firefox' with headless mode as 'true'
&amp#27;[33m[2024-Jun-25 19:23:02.071 CDT]&amp#27;[m &amp#27;[37m[Thread ID: 38]&amp#27;[m &amp#27;[94m[PlaywrightFactory.getBrowserContext]&amp#27;[m &amp#27;[32m[INFO]&amp#27;[m Browser Context - Viewport Width '1280' and Height '720'
]]></system-out>
  </testcase>
  <testcase name="loginTest" classname="com.testcases.TS_02_Verify_Opencart_LoginPageTast" time="2.352">
    <system-out><![CDATA[&amp#27;[33m[2024-Jun-25 19:23:18.603 CDT]&amp#27;[m &amp#27;[37m[Thread ID: 38]&amp#27;[m &amp#27;[94m[PlaywrightFactory.getBrowser]&amp#27;[m &amp#27;[32m[INFO]&amp#27;[m Browser Selected for Test Execution 'firefox' with headless mode as 'true'
&amp#27;[33m[2024-Jun-25 19:23:20.596 CDT]&amp#27;[m &amp#27;[37m[Thread ID: 38]&amp#27;[m &amp#27;[94m[PlaywrightFactory.getBrowserContext]&amp#27;[m &amp#27;[32m[INFO]&amp#27;[m Browser Context - Viewport Width '1280' and Height '720'
&amp#27;[33m[2024-Jun-25 19:23:28.156 CDT]&amp#27;[m &amp#27;[37m[Thread ID: 38]&amp#27;[m &amp#27;[94m[LoginPage.doLogin]&amp#27;[m &amp#27;[32m[INFO]&amp#27;[m Login to the application using usernamerameshqaonline@gmail.comand passwordVGVzdEAxMjM=
&amp#27;[33m[2024-Jun-25 19:23:30.495 CDT]&amp#27;[m &amp#27;[37m[Thread ID: 38]&amp#27;[m &amp#27;[94m[LoginPage.doLogin]&amp#27;[m &amp#27;[36m[DEBUG]&amp#27;[m Login to the application is Successfull
]]></system-out>
  </testcase>
  <testcase name="navigateToForgotPasswordPageTest" classname="com.testcases.TS_02_Verify_Opencart_LoginPageTast" time="3.252">
    <system-out><![CDATA[&amp#27;[33m[2024-Jun-25 19:23:31.941 CDT]&amp#27;[m &amp#27;[37m[Thread ID: 38]&amp#27;[m &amp#27;[94m[PlaywrightFactory.getBrowser]&amp#27;[m &amp#27;[32m[INFO]&amp#27;[m Browser Selected for Test Execution 'firefox' with headless mode as 'true'
&amp#27;[33m[2024-Jun-25 19:23:33.130 CDT]&amp#27;[m &amp#27;[37m[Thread ID: 38]&amp#27;[m &amp#27;[94m[PlaywrightFactory.getBrowserContext]&amp#27;[m &amp#27;[32m[INFO]&amp#27;[m Browser Context - Viewport Width '1280' and Height '720'
&amp#27;[33m[2024-Jun-25 19:23:39.882 CDT]&amp#27;[m &amp#27;[37m[Thread ID: 38]&amp#27;[m &amp#27;[94m[LoginPage.navigateToForgotPasswordPage]&amp#27;[m &amp#27;[32m[INFO]&amp#27;[m click on forget Passwrd button in ligin page 
]]></system-out>
  </testcase>
  <testcase name="navigateToRegisterPageTest" classname="com.testcases.TS_02_Verify_Opencart_LoginPageTast" time="4.027">
    <system-out><![CDATA[&amp#27;[33m[2024-Jun-25 19:23:44.514 CDT]&amp#27;[m &amp#27;[37m[Thread ID: 38]&amp#27;[m &amp#27;[94m[PlaywrightFactory.getBrowser]&amp#27;[m &amp#27;[32m[INFO]&amp#27;[m Browser Selected for Test Execution 'firefox' with headless mode as 'true'
&amp#27;[33m[2024-Jun-25 19:23:45.639 CDT]&amp#27;[m &amp#27;[37m[Thread ID: 38]&amp#27;[m &amp#27;[94m[PlaywrightFactory.getBrowserContext]&amp#27;[m &amp#27;[32m[INFO]&amp#27;[m Browser Context - Viewport Width '1280' and Height '720'
&amp#27;[33m[2024-Jun-25 19:23:53.442 CDT]&amp#27;[m &amp#27;[37m[Thread ID: 38]&amp#27;[m &amp#27;[94m[LoginPage.navigateToRegisterPage]&amp#27;[m &amp#27;[32m[INFO]&amp#27;[m click on continue button in ligin page under newcustomer section
]]></system-out>
  </testcase>
  <testcase name="verifyLoginBreadCrumbExists" classname="com.testcases.TS_02_Verify_Opencart_LoginPageTast" time="0.03">
    <system-out><![CDATA[&amp#27;[33m[2024-Jun-25 19:23:58.840 CDT]&amp#27;[m &amp#27;[37m[Thread ID: 38]&amp#27;[m &amp#27;[94m[PlaywrightFactory.getBrowser]&amp#27;[m &amp#27;[32m[INFO]&amp#27;[m Browser Selected for Test Execution 'firefox' with headless mode as 'true'
&amp#27;[33m[2024-Jun-25 19:23:59.889 CDT]&amp#27;[m &amp#27;[37m[Thread ID: 38]&amp#27;[m &amp#27;[94m[PlaywrightFactory.getBrowserContext]&amp#27;[m &amp#27;[32m[INFO]&amp#27;[m Browser Context - Viewport Width '1280' and Height '720'
]]></system-out>
  </testcase>
  <testcase name="verifyNewCustomerHeaderExists" classname="com.testcases.TS_02_Verify_Opencart_LoginPageTast" time="0.031">
    <system-out><![CDATA[&amp#27;[33m[2024-Jun-25 19:24:18.238 CDT]&amp#27;[m &amp#27;[37m[Thread ID: 38]&amp#27;[m &amp#27;[94m[PlaywrightFactory.getBrowser]&amp#27;[m &amp#27;[32m[INFO]&amp#27;[m Browser Selected for Test Execution 'firefox' with headless mode as 'true'
&amp#27;[33m[2024-Jun-25 19:24:19.210 CDT]&amp#27;[m &amp#27;[37m[Thread ID: 38]&amp#27;[m &amp#27;[94m[PlaywrightFactory.getBrowserContext]&amp#27;[m &amp#27;[32m[INFO]&amp#27;[m Browser Context - Viewport Width '1280' and Height '720'
]]></system-out>
  </testcase>
  <testcase name="verifyreturningCustomerHeaderExists" classname="com.testcases.TS_02_Verify_Opencart_LoginPageTast" time="0.035">
    <system-out><![CDATA[&amp#27;[33m[2024-Jun-25 19:24:31.281 CDT]&amp#27;[m &amp#27;[37m[Thread ID: 38]&amp#27;[m &amp#27;[94m[PlaywrightFactory.getBrowser]&amp#27;[m &amp#27;[32m[INFO]&amp#27;[m Browser Selected for Test Execution 'firefox' with headless mode as 'true'
&amp#27;[33m[2024-Jun-25 19:24:32.279 CDT]&amp#27;[m &amp#27;[37m[Thread ID: 38]&amp#27;[m &amp#27;[94m[PlaywrightFactory.getBrowserContext]&amp#27;[m &amp#27;[32m[INFO]&amp#27;[m Browser Context - Viewport Width '1280' and Height '720'
]]></system-out>
  </testcase>
  <testcase name="registerNewAccountTest" classname="com.testcases.TS_03_Verify_Opencart_RegisterPageTest" time="2.734">
    <system-out><![CDATA[&amp#27;[33m[2024-Jun-25 19:24:38.944 CDT]&amp#27;[m &amp#27;[37m[Thread ID: 38]&amp#27;[m &amp#27;[94m[PlaywrightFactory.getBrowser]&amp#27;[m &amp#27;[32m[INFO]&amp#27;[m Browser Selected for Test Execution 'firefox' with headless mode as 'true'
&amp#27;[33m[2024-Jun-25 19:24:40.467 CDT]&amp#27;[m &amp#27;[37m[Thread ID: 38]&amp#27;[m &amp#27;[94m[PlaywrightFactory.getBrowserContext]&amp#27;[m &amp#27;[32m[INFO]&amp#27;[m Browser Context - Viewport Width '1280' and Height '720'
&amp#27;[33m[2024-Jun-25 19:24:46.168 CDT]&amp#27;[m &amp#27;[37m[Thread ID: 38]&amp#27;[m &amp#27;[94m[RegisterPage.selectSubScribe]&amp#27;[m &amp#27;[32m[INFO]&amp#27;[m select newsletter subscription value
&amp#27;[33m[2024-Jun-25 19:24:46.169 CDT]&amp#27;[m &amp#27;[37m[Thread ID: 38]&amp#27;[m &amp#27;[94m[RegisterPage.selectSubScribe]&amp#27;[m &amp#27;[32m[INFO]&amp#27;[m select newsletter subscription value - Yes 
&amp#27;[33m[2024-Jun-25 19:24:46.245 CDT]&amp#27;[m &amp#27;[37m[Thread ID: 38]&amp#27;[m &amp#27;[94m[RegisterPage.checkAgreeCheckBox]&amp#27;[m &amp#27;[32m[INFO]&amp#27;[m check the check box
&amp#27;[33m[2024-Jun-25 19:24:46.324 CDT]&amp#27;[m &amp#27;[37m[Thread ID: 38]&amp#27;[m &amp#27;[94m[RegisterPage.clickContinueBtn]&amp#27;[m &amp#27;[32m[INFO]&amp#27;[m click on continue button
]]></system-out>
  </testcase>
</testsuite>